Starting the New Relic Agent.
Installed New Relic Browser Monitoring middleware
Compiled jquery.js  (1ms)  (pid 11910)
Compiled jquery-ui.js  (2ms)  (pid 11910)
Compiled jquery_ujs.js  (0ms)  (pid 11910)
Compiled active_admin/application.js  (0ms)  (pid 11910)
Compiled active_admin/base.js  (65ms)  (pid 11910)
Compiled active_admin.js  (70ms)  (pid 11910)
Compiled application.js  (525ms)  (pid 11910)
Compiled active_admin.css  (913ms)  (pid 11910)
Starting the New Relic Agent.
Installed New Relic Browser Monitoring middleware
Compiled jquery.js  (42ms)  (pid 12112)
Compiled jquery-ui.js  (2ms)  (pid 12112)
Compiled jquery_ujs.js  (0ms)  (pid 12112)
Compiled active_admin/application.js  (0ms)  (pid 12112)
Compiled active_admin/base.js  (100ms)  (pid 12112)
Compiled active_admin.js  (104ms)  (pid 12112)
Compiled application.js  (519ms)  (pid 12112)
Compiled active_admin.css  (884ms)  (pid 12112)
Starting the New Relic Agent.
Installed New Relic Browser Monitoring middleware
Compiled jquery.js  (43ms)  (pid 12246)
Compiled jquery-ui.js  (2ms)  (pid 12246)
Compiled jquery_ujs.js  (0ms)  (pid 12246)
Compiled active_admin/application.js  (0ms)  (pid 12246)
Compiled active_admin/base.js  (103ms)  (pid 12246)
Compiled active_admin.js  (107ms)  (pid 12246)
Compiled application.js  (714ms)  (pid 12246)
Compiled active_admin.css  (930ms)  (pid 12246)
Starting the New Relic Agent.
Installed New Relic Browser Monitoring middleware
Compiled jquery.js  (42ms)  (pid 12812)
Compiled jquery-ui.js  (2ms)  (pid 12812)
Compiled jquery_ujs.js  (0ms)  (pid 12812)
Compiled active_admin/application.js  (0ms)  (pid 12812)
Compiled active_admin/base.js  (64ms)  (pid 12812)
Compiled active_admin.js  (107ms)  (pid 12812)
Compiled application.js  (528ms)  (pid 12812)
Starting the New Relic Agent.
Installed New Relic Browser Monitoring middleware
Compiled jquery.js  (42ms)  (pid 12854)
Compiled jquery-ui.js  (2ms)  (pid 12854)
Compiled jquery_ujs.js  (0ms)  (pid 12854)
Compiled active_admin/application.js  (0ms)  (pid 12854)
Compiled active_admin/base.js  (63ms)  (pid 12854)
Compiled active_admin.js  (108ms)  (pid 12854)
Compiled application.js  (516ms)  (pid 12854)
Compiled active_admin.css  (887ms)  (pid 12854)
Starting the New Relic Agent.
Installed New Relic Browser Monitoring middleware
Compiled jquery.js  (43ms)  (pid 12940)
Compiled jquery-ui.js  (2ms)  (pid 12940)
Compiled jquery_ujs.js  (0ms)  (pid 12940)
Compiled active_admin/application.js  (0ms)  (pid 12940)
Compiled active_admin/base.js  (64ms)  (pid 12940)
Compiled active_admin.js  (107ms)  (pid 12940)
Compiled application.js  (520ms)  (pid 12940)
Compiled active_admin.css  (912ms)  (pid 12940)
Starting the New Relic Agent.
Installed New Relic Browser Monitoring middleware
Compiled jquery.js  (42ms)  (pid 13622)
Compiled jquery-ui.js  (2ms)  (pid 13622)
Compiled jquery_ujs.js  (0ms)  (pid 13622)
Compiled active_admin/application.js  (0ms)  (pid 13622)
Compiled active_admin/base.js  (63ms)  (pid 13622)
Compiled active_admin.js  (107ms)  (pid 13622)
Compiled application.js  (517ms)  (pid 13622)
Compiled active_admin.css  (988ms)  (pid 13622)
Starting the New Relic Agent.
Installed New Relic Browser Monitoring middleware
Compiled jquery.js  (41ms)  (pid 14206)
Compiled jquery-ui.js  (2ms)  (pid 14206)
Compiled jquery_ujs.js  (0ms)  (pid 14206)
Compiled active_admin/application.js  (0ms)  (pid 14206)
Compiled active_admin/base.js  (62ms)  (pid 14206)
Compiled active_admin.js  (105ms)  (pid 14206)
Compiled application.js  (527ms)  (pid 14206)
Compiled active_admin.css  (872ms)  (pid 14206)
Starting the New Relic Agent.
Installed New Relic Browser Monitoring middleware
Compiled jquery.js  (42ms)  (pid 14374)
Compiled jquery-ui.js  (2ms)  (pid 14374)
Compiled jquery_ujs.js  (0ms)  (pid 14374)
Compiled active_admin/application.js  (0ms)  (pid 14374)
Compiled active_admin/base.js  (63ms)  (pid 14374)
Compiled active_admin.js  (107ms)  (pid 14374)
Compiled application.js  (517ms)  (pid 14374)
Compiled active_admin.css  (876ms)  (pid 14374)
Starting the New Relic Agent.
Installed New Relic Browser Monitoring middleware
Compiled jquery.js  (1ms)  (pid 14623)
Compiled jquery-ui.js  (2ms)  (pid 14623)
Compiled jquery_ujs.js  (0ms)  (pid 14623)
Compiled active_admin/application.js  (0ms)  (pid 14623)
Compiled active_admin/base.js  (60ms)  (pid 14623)
Compiled active_admin.js  (106ms)  (pid 14623)
Compiled application.js  (524ms)  (pid 14623)
Compiled active_admin.css  (874ms)  (pid 14623)
Starting the New Relic Agent.
Installed New Relic Browser Monitoring middleware
Compiled jquery.js  (1ms)  (pid 14668)
Compiled jquery-ui.js  (2ms)  (pid 14668)
Compiled jquery_ujs.js  (0ms)  (pid 14668)
Compiled active_admin/application.js  (0ms)  (pid 14668)
Compiled active_admin/base.js  (61ms)  (pid 14668)
Compiled active_admin.js  (106ms)  (pid 14668)
Compiled application.js  (517ms)  (pid 14668)
Compiled active_admin.css  (866ms)  (pid 14668)
Starting the New Relic Agent.
Installed New Relic Browser Monitoring middleware
Compiled jquery.js  (45ms)  (pid 14719)
Compiled jquery-ui.js  (2ms)  (pid 14719)
Compiled jquery_ujs.js  (0ms)  (pid 14719)
Compiled active_admin/application.js  (0ms)  (pid 14719)
Compiled active_admin/base.js  (66ms)  (pid 14719)
Compiled active_admin.js  (113ms)  (pid 14719)
Compiled application.js  (519ms)  (pid 14719)
Compiled active_admin.css  (894ms)  (pid 14719)
Starting the New Relic Agent.
Installed New Relic Browser Monitoring middleware
Compiled jquery.js  (42ms)  (pid 14761)
Compiled jquery-ui.js  (2ms)  (pid 14761)
Compiled jquery_ujs.js  (0ms)  (pid 14761)
Compiled active_admin/application.js  (0ms)  (pid 14761)
Compiled active_admin/base.js  (64ms)  (pid 14761)
Compiled active_admin.js  (107ms)  (pid 14761)
Compiled application.js  (523ms)  (pid 14761)
Compiled active_admin.css  (882ms)  (pid 14761)
Starting the New Relic Agent.
Installed New Relic Browser Monitoring middleware
Compiled jquery.js  (42ms)  (pid 14820)
Compiled jquery-ui.js  (2ms)  (pid 14820)
Compiled jquery_ujs.js  (0ms)  (pid 14820)
Compiled active_admin/application.js  (0ms)  (pid 14820)
Compiled active_admin/base.js  (63ms)  (pid 14820)
Compiled active_admin.js  (110ms)  (pid 14820)
Compiled application.js  (521ms)  (pid 14820)
Compiled active_admin.css  (917ms)  (pid 14820)
Starting the New Relic Agent.
Installed New Relic Browser Monitoring middleware
Compiled jquery.js  (1ms)  (pid 14909)
Compiled jquery-ui.js  (2ms)  (pid 14909)
Compiled jquery_ujs.js  (0ms)  (pid 14909)
Compiled active_admin/application.js  (0ms)  (pid 14909)
Compiled active_admin/base.js  (62ms)  (pid 14909)
Compiled active_admin.js  (67ms)  (pid 14909)
Compiled application.js  (521ms)  (pid 14909)
Compiled active_admin.css  (882ms)  (pid 14909)
Starting the New Relic Agent.
Installed New Relic Browser Monitoring middleware
Compiled jquery.js  (1ms)  (pid 15285)
Compiled jquery-ui.js  (2ms)  (pid 15285)
Compiled jquery_ujs.js  (0ms)  (pid 15285)
Compiled active_admin/application.js  (0ms)  (pid 15285)
Compiled active_admin/base.js  (86ms)  (pid 15285)
Compiled active_admin.js  (92ms)  (pid 15285)
Compiled application.js  (536ms)  (pid 15285)
Compiled active_admin.css  (917ms)  (pid 15285)
